<?xml version="1.0" encoding="UTF-8"?>
<!-- Generated by org.testng.reporters.JUnitReportReporter -->
<testsuite hostname="Thamizh" failures="0" tests="1" name="wtest.wtest" time="10.853" errors="0" timestamp="2023-04-15T22:51:16 IST" skipped="0">
  <testcase classname="wtest.wtest" name="Browser2" time="10.853"/>
  <system-out/>
</testsuite> <!-- wtest.wtest -->
